-------------------------------------------------------------------------------
>Log Session: Tuesday, March 7, 2017 10:29:41 AM CET
>System Info: 
  Product Version         = NBRuntimeExample 201510222201
  Operating System        = Windows 10 version 10.0 running on amd64
  Java; VM; Vendor        = 1.8.0_72; Java HotSpot(TM) 64-Bit Server VM 25.72-b15; Oracle Corporation
  Runtime                 = Java(TM) SE Runtime Environment 1.8.0_72-b15
  Java Home               = C:\Program Files\Java\jdk1.8.0_72\jre
  System Locale; Encoding = da_DK (nbruntimeexample); Cp1252
  Home Directory          = C:\Users\Michael-PC
  Current Directory       = C:\Users\Michael-PC\Dropbox\UNI\4. semester\KOM\SB4-KOM-F17\NBRuntimeExample\application\target\nbruntimeexample
  User Directory          = C:\Users\Michael-PC\Dropbox\UNI\4. semester\KOM\SB4-KOM-F17\NBRuntimeExample\application\target\userdir
  Cache Directory         = C:\Users\Michael-PC\Dropbox\UNI\4. semester\KOM\SB4-KOM-F17\NBRuntimeExample\application\target\userdir\var\cache
  Installation            = C:\Users\Michael-PC\Dropbox\UNI\4. semester\KOM\SB4-KOM-F17\NBRuntimeExample\application\target\nbruntimeexample\bin
                            C:\Users\Michael-PC\Dropbox\UNI\4. semester\KOM\SB4-KOM-F17\NBRuntimeExample\application\target\nbruntimeexample\etc
                            C:\Users\Michael-PC\Dropbox\UNI\4. semester\KOM\SB4-KOM-F17\NBRuntimeExample\application\target\nbruntimeexample\nbruntimeexample
                            C:\Users\Michael-PC\Dropbox\UNI\4. semester\KOM\SB4-KOM-F17\NBRuntimeExample\application\target\nbruntimeexample\platform
                            C:\Users\Michael-PC\Dropbox\UNI\4. semester\KOM\SB4-KOM-F17\NBRuntimeExample\application\target\nbruntimeexample\platform
  Boot & Ext. Classpath   = C:\Program Files\Java\jdk1.8.0_72\jre\lib\resources.jar;C:\Program Files\Java\jdk1.8.0_72\jre\lib\rt.jar;C:\Program Files\Java\jdk1.8.0_72\jre\lib\sunrsasign.jar;C:\Program Files\Java\jdk1.8.0_72\jre\lib\jsse.jar;C:\Program Files\Java\jdk1.8.0_72\jre\lib\jce.jar;C:\Program Files\Java\jdk1.8.0_72\jre\lib\charsets.jar;C:\Program Files\Java\jdk1.8.0_72\jre\lib\jfr.jar;C:\Program Files\Java\jdk1.8.0_72\jre\classes;C:\Program Files\Java\jdk1.8.0_72\jre\lib\ext\access-bridge-64.jar;C:\Program Files\Java\jdk1.8.0_72\jre\lib\ext\cldrdata.jar;C:\Program Files\Java\jdk1.8.0_72\jre\lib\ext\dnsns.jar;C:\Program Files\Java\jdk1.8.0_72\jre\lib\ext\jaccess.jar;C:\Program Files\Java\jdk1.8.0_72\jre\lib\ext\jfxrt.jar;C:\Program Files\Java\jdk1.8.0_72\jre\lib\ext\localedata.jar;C:\Program Files\Java\jdk1.8.0_72\jre\lib\ext\nashorn.jar;C:\Program Files\Java\jdk1.8.0_72\jre\lib\ext\sunec.jar;C:\Program Files\Java\jdk1.8.0_72\jre\lib\ext\sunjce_provider.jar;C:\Program Files\Java\jdk1.8.0_72\jre\lib\ext\sunmscapi.jar;C:\Program Files\Java\jdk1.8.0_72\jre\lib\ext\sunpkcs11.jar;C:\Program Files\Java\jdk1.8.0_72\jre\lib\ext\zipfs.jar
  Application Classpath   = C:\Users\Michael-PC\Dropbox\UNI\4. semester\KOM\SB4-KOM-F17\NBRuntimeExample\application\target\nbruntimeexample\platform\lib\boot.jar;C:\Users\Michael-PC\Dropbox\UNI\4. semester\KOM\SB4-KOM-F17\NBRuntimeExample\application\target\nbruntimeexample\platform\lib\org-openide-modules.jar;C:\Users\Michael-PC\Dropbox\UNI\4. semester\KOM\SB4-KOM-F17\NBRuntimeExample\application\target\nbruntimeexample\platform\lib\org-openide-util-lookup.jar;C:\Users\Michael-PC\Dropbox\UNI\4. semester\KOM\SB4-KOM-F17\NBRuntimeExample\application\target\nbruntimeexample\platform\lib\org-openide-util-ui.jar;C:\Users\Michael-PC\Dropbox\UNI\4. semester\KOM\SB4-KOM-F17\NBRuntimeExample\application\target\nbruntimeexample\platform\lib\org-openide-util.jar;C:\Users\Michael-PC\Dropbox\UNI\4. semester\KOM\SB4-KOM-F17\NBRuntimeExample\application\target\nbruntimeexample\platform\lib\locale\boot_ja.jar;C:\Users\Michael-PC\Dropbox\UNI\4. semester\KOM\SB4-KOM-F17\NBRuntimeExample\application\target\nbruntimeexample\platform\lib\locale\boot_pt_BR.jar;C:\Users\Michael-PC\Dropbox\UNI\4. semester\KOM\SB4-KOM-F17\NBRuntimeExample\application\target\nbruntimeexample\platform\lib\locale\boot_ru.jar;C:\Users\Michael-PC\Dropbox\UNI\4. semester\KOM\SB4-KOM-F17\NBRuntimeExample\application\target\nbruntimeexample\platform\lib\locale\boot_zh_CN.jar;C:\Users\Michael-PC\Dropbox\UNI\4. semester\KOM\SB4-KOM-F17\NBRuntimeExample\application\target\nbruntimeexample\platform\lib\locale\org-openide-modules_ja.jar;C:\Users\Michael-PC\Dropbox\UNI\4. semester\KOM\SB4-KOM-F17\NBRuntimeExample\application\target\nbruntimeexample\platform\lib\locale\org-openide-modules_pt_BR.jar;C:\Users\Michael-PC\Dropbox\UNI\4. semester\KOM\SB4-KOM-F17\NBRuntimeExample\application\target\nbruntimeexample\platform\lib\locale\org-openide-modules_ru.jar;C:\Users\Michael-PC\Dropbox\UNI\4. semester\KOM\SB4-KOM-F17\NBRuntimeExample\application\target\nbruntimeexample\platform\lib\locale\org-openide-modules_zh_CN.jar;C:\Users\Michael-PC\Dropbox\UNI\4. semester\KOM\SB4-KOM-F17\NBRuntimeExample\application\target\nbruntimeexample\platform\lib\locale\org-openide-util-lookup_ja.jar;C:\Users\Michael-PC\Dropbox\UNI\4. semester\KOM\SB4-KOM-F17\NBRuntimeExample\application\target\nbruntimeexample\platform\lib\locale\org-openide-util-lookup_pt_BR.jar;C:\Users\Michael-PC\Dropbox\UNI\4. semester\KOM\SB4-KOM-F17\NBRuntimeExample\application\target\nbruntimeexample\platform\lib\locale\org-openide-util-lookup_ru.jar;C:\Users\Michael-PC\Dropbox\UNI\4. semester\KOM\SB4-KOM-F17\NBRuntimeExample\application\target\nbruntimeexample\platform\lib\locale\org-openide-util-lookup_zh_CN.jar;C:\Users\Michael-PC\Dropbox\UNI\4. semester\KOM\SB4-KOM-F17\NBRuntimeExample\application\target\nbruntimeexample\platform\lib\locale\org-openide-util-ui_ja.jar;C:\Users\Michael-PC\Dropbox\UNI\4. semester\KOM\SB4-KOM-F17\NBRuntimeExample\application\target\nbruntimeexample\platform\lib\locale\org-openide-util-ui_pt_BR.jar;C:\Users\Michael-PC\Dropbox\UNI\4. semester\KOM\SB4-KOM-F17\NBRuntimeExample\application\target\nbruntimeexample\platform\lib\locale\org-openide-util-ui_ru.jar;C:\Users\Michael-PC\Dropbox\UNI\4. semester\KOM\SB4-KOM-F17\NBRuntimeExample\application\target\nbruntimeexample\platform\lib\locale\org-openide-util-ui_zh_CN.jar;C:\Users\Michael-PC\Dropbox\UNI\4. semester\KOM\SB4-KOM-F17\NBRuntimeExample\application\target\nbruntimeexample\platform\lib\locale\org-openide-util_ja.jar;C:\Users\Michael-PC\Dropbox\UNI\4. semester\KOM\SB4-KOM-F17\NBRuntimeExample\application\target\nbruntimeexample\platform\lib\locale\org-openide-util_pt_BR.jar;C:\Users\Michael-PC\Dropbox\UNI\4. semester\KOM\SB4-KOM-F17\NBRuntimeExample\application\target\nbruntimeexample\platform\lib\locale\org-openide-util_ru.jar;C:\Users\Michael-PC\Dropbox\UNI\4. semester\KOM\SB4-KOM-F17\NBRuntimeExample\application\target\nbruntimeexample\platform\lib\locale\org-openide-util_zh_CN.jar;C:\Program Files\Java\jdk1.8.0_72\lib\dt.jar;C:\Program Files\Java\jdk1.8.0_72\lib\tools.jar
  Startup Classpath       = C:\Users\Michael-PC\Dropbox\UNI\4. semester\KOM\SB4-KOM-F17\NBRuntimeExample\application\target\nbruntimeexample\platform\core\asm-all-5.0.1.jar;C:\Users\Michael-PC\Dropbox\UNI\4. semester\KOM\SB4-KOM-F17\NBRuntimeExample\application\target\nbruntimeexample\platform\core\core-base.jar;C:\Users\Michael-PC\Dropbox\UNI\4. semester\KOM\SB4-KOM-F17\NBRuntimeExample\application\target\nbruntimeexample\platform\core\core.jar;C:\Users\Michael-PC\Dropbox\UNI\4. semester\KOM\SB4-KOM-F17\NBRuntimeExample\application\target\nbruntimeexample\platform\core\org-netbeans-libs-asm.jar;C:\Users\Michael-PC\Dropbox\UNI\4. semester\KOM\SB4-KOM-F17\NBRuntimeExample\application\target\nbruntimeexample\platform\core\org-openide-filesystems.jar;C:\Users\Michael-PC\Dropbox\UNI\4. semester\KOM\SB4-KOM-F17\NBRuntimeExample\application\target\nbruntimeexample\platform\core\locale\core-base_ja.jar;C:\Users\Michael-PC\Dropbox\UNI\4. semester\KOM\SB4-KOM-F17\NBRuntimeExample\application\target\nbruntimeexample\platform\core\locale\core-base_pt_BR.jar;C:\Users\Michael-PC\Dropbox\UNI\4. semester\KOM\SB4-KOM-F17\NBRuntimeExample\application\target\nbruntimeexample\platform\core\locale\core-base_ru.jar;C:\Users\Michael-PC\Dropbox\UNI\4. semester\KOM\SB4-KOM-F17\NBRuntimeExample\application\target\nbruntimeexample\platform\core\locale\core-base_zh_CN.jar;C:\Users\Michael-PC\Dropbox\UNI\4. semester\KOM\SB4-KOM-F17\NBRuntimeExample\application\target\nbruntimeexample\platform\core\locale\core_ja.jar;C:\Users\Michael-PC\Dropbox\UNI\4. semester\KOM\SB4-KOM-F17\NBRuntimeExample\application\target\nbruntimeexample\platform\core\locale\core_pt_BR.jar;C:\Users\Michael-PC\Dropbox\UNI\4. semester\KOM\SB4-KOM-F17\NBRuntimeExample\application\target\nbruntimeexample\platform\core\locale\core_ru.jar;C:\Users\Michael-PC\Dropbox\UNI\4. semester\KOM\SB4-KOM-F17\NBRuntimeExample\application\target\nbruntimeexample\platform\core\locale\core_zh_CN.jar;C:\Users\Michael-PC\Dropbox\UNI\4. semester\KOM\SB4-KOM-F17\NBRuntimeExample\application\target\nbruntimeexample\platform\core\locale\org-netbeans-libs-asm_ja.jar;C:\Users\Michael-PC\Dropbox\UNI\4. semester\KOM\SB4-KOM-F17\NBRuntimeExample\application\target\nbruntimeexample\platform\core\locale\org-netbeans-libs-asm_pt_BR.jar;C:\Users\Michael-PC\Dropbox\UNI\4. semester\KOM\SB4-KOM-F17\NBRuntimeExample\application\target\nbruntimeexample\platform\core\locale\org-netbeans-libs-asm_ru.jar;C:\Users\Michael-PC\Dropbox\UNI\4. semester\KOM\SB4-KOM-F17\NBRuntimeExample\application\target\nbruntimeexample\platform\core\locale\org-netbeans-libs-asm_zh_CN.jar;C:\Users\Michael-PC\Dropbox\UNI\4. semester\KOM\SB4-KOM-F17\NBRuntimeExample\application\target\nbruntimeexample\platform\core\locale\org-openide-filesystems_ja.jar;C:\Users\Michael-PC\Dropbox\UNI\4. semester\KOM\SB4-KOM-F17\NBRuntimeExample\application\target\nbruntimeexample\platform\core\locale\org-openide-filesystems_pt_BR.jar;C:\Users\Michael-PC\Dropbox\UNI\4. semester\KOM\SB4-KOM-F17\NBRuntimeExample\application\target\nbruntimeexample\platform\core\locale\org-openide-filesystems_ru.jar;C:\Users\Michael-PC\Dropbox\UNI\4. semester\KOM\SB4-KOM-F17\NBRuntimeExample\application\target\nbruntimeexample\platform\core\locale\org-openide-filesystems_zh_CN.jar;C:\Users\Michael-PC\Dropbox\UNI\4. semester\KOM\SB4-KOM-F17\NBRuntimeExample\application\target\nbruntimeexample\nbruntimeexample\core\locale\core_nbruntimeexample.jar
-------------------------------------------------------------------------------
INFO [org.netbeans.core.startup.NbEvents]: Module patch or custom extension: C:\Users\Michael-PC\Dropbox\UNI\4. semester\KOM\SB4-KOM-F17\NBRuntimeExample\application\target\nbruntimeexample\..\..\..\Common\target\classes
INFO [org.netbeans.core.startup.NbEvents]: Module patch or custom extension: C:\Users\Michael-PC\Dropbox\UNI\4. semester\KOM\SB4-KOM-F17\NBRuntimeExample\application\target\nbruntimeexample\..\..\..\Wrap\target\classes
INFO [org.netbeans.core.startup.NbEvents]: Module patch or custom extension: C:\Users\Michael-PC\Dropbox\UNI\4. semester\KOM\SB4-KOM-F17\NBRuntimeExample\application\target\nbruntimeexample\..\..\..\Asteroid\target\classes
INFO [org.netbeans.core.startup.NbEvents]: Module patch or custom extension: C:\Users\Michael-PC\Dropbox\UNI\4. semester\KOM\SB4-KOM-F17\NBRuntimeExample\application\target\nbruntimeexample\..\..\..\Collision\target\classes
INFO [org.netbeans.core.startup.NbEvents]: Module patch or custom extension: C:\Users\Michael-PC\Dropbox\UNI\4. semester\KOM\SB4-KOM-F17\NBRuntimeExample\application\target\nbruntimeexample\..\..\..\Bullet\target\classes
INFO [org.netbeans.core.startup.NbEvents]: Module patch or custom extension: C:\Users\Michael-PC\Dropbox\UNI\4. semester\KOM\SB4-KOM-F17\NBRuntimeExample\application\target\nbruntimeexample\..\..\..\Core\target\classes
INFO [org.netbeans.core.startup.NbEvents]: Turning on modules:
	org.openide.util.lookup [8.32.1 201510222201]
	org.openide.util [9.5.1 201510222201]
	org.openide.util.ui [9.4.1 201510222201]
	org.openide.modules [7.47.1 201510222201]
	org.openide.filesystems [9.8.1 201510222201]
	org.netbeans.libs.asm [5.2.1 201510222201]
	org.netbeans.core.startup.base [1.61.1.1 1 201510222201]
	org.netbeans.bootstrap/1 [2.74.1 201510222201]
	org.netbeans.core.startup/1 [1.61.1.1 201510222201]
	org.netbeans.api.annotations.common/1 [1.26.1 201510222201]
	dk.sdu.mmmi.cbse.Common [1.0 1.0-20170306 201703061452]
	dk.sdu.mmmi.cbse.Wrap [1.0 1.0-20170306 201703061452]
	dk.sdu.mmmi.cbse.Player [1.0 1.0-20170306 201703061452]
	dk.sdu.mmmi.cbse.NBRuntimeExample.branding [1.0 1.0-20170306 201703061452]
	dk.sdu.mmmi.cbse.Enemy [1.0 1.0-20170306 201703061452]
	dk.sdu.mmmi.cbse.Asteroid [1.0 1.0-20170306 201703061452]
	dk.sdu.mmmi.cbse.Collision [1.0 1.0-20170306 201703061453]
	dk.sdu.mmmi.cbse.Bullet [1.0 1.0-20170306 201703061453]
	dk.sdu.mmmi.cbse.Core [1.0 1.0-20170306 201703061453]
